# JRE version: OpenJDK Runtime Environment (11.0.10) (build 11.0.10+0-b96-7249189)
# Java VM: OpenJDK 64-Bit Server VM (11.0.10+0-b96-7249189, mixed mode, tiered, compressed oops, g1 gc, windows-amd64)
Heap:
 garbage-first heap   total 476160K, used 408393K [0x0000000080000000, 0x0000000100000000)
  region size 1024K, 215 young (220160K), 19 survivors (19456K)
 Metaspace       used 114872K, capacity 117835K, committed 118564K, reserved 1153024K
  class space    used 14297K, capacity 15422K, committed 15872K, reserved 1048576K
GC Heap History (20 events):
Event: 42.825 GC heap after
{Heap after GC invocations=57 (full 0):
 garbage-first heap   total 398336K, used 175590K [0x0000000080000000, 0x0000000100000000)
  region size 1024K, 16 young (16384K), 16 survivors (16384K)
 Metaspace       used 113890K, capacity 116569K, committed 117668K, reserved 1150976K
  class space    used 14191K, capacity 15214K, committed 15744K, reserved 1048576K
}
Event: 43.482 GC heap before
{Heap before GC invocations=57 (full 0):
 garbage-first heap   total 398336K, used 332262K [0x0000000080000000, 0x0000000100000000)
  region size 1024K, 169 young (173056K), 16 survivors (16384K)
 Metaspace       used 113922K, capacity 116637K, committed 117924K, reserved 1150976K
  class space    used 14192K, capacity 15215K, committed 15744K, reserved 1048576K
}
Event: 43.525 GC heap after
{Heap after GC invocations=58 (full 0):
 garbage-first heap   total 398336K, used 182556K [0x0000000080000000, 0x0000000100000000)
  region size 1024K, 18 young (18432K), 18 survivors (18432K)
 Metaspace       used 113922K, capacity 116637K, committed 117924K, reserved 1150976K
  class space    used 14192K, capacity 15215K, committed 15744K, reserved 1048576K
}
Event: 44.313 GC heap before
{Heap before GC invocations=58 (full 0):
 garbage-first heap   total 398336K, used 333084K [0x0000000080000000, 0x0000000100000000)
  region size 1024K, 165 young (168960K), 18 survivors (18432K)
 Metaspace       used 113970K, capacity 116678K, committed 117924K, reserved 1150976K
  class space    used 14199K, capacity 15250K, committed 15744K, reserved 1048576K
}
Event: 44.347 GC heap after
{Heap after GC invocations=59 (full 0):
 garbage-first heap   total 476160K, used 184409K [0x0000000080000000, 0x0000000100000000)
  region size 1024K, 11 young (11264K), 11 survivors (11264K)
 Metaspace       used 113970K, capacity 116678K, committed 117924K, reserved 1150976K
  class space    used 14199K, capacity 15250K, committed 15744K, reserved 1048576K
}
Event: 45.318 GC heap before
{Heap before GC invocations=59 (full 0):
 garbage-first heap   total 476160K, used 366681K [0x0000000080000000, 0x0000000100000000)
  region size 1024K, 189 young (193536K), 11 survivors (11264K)
 Metaspace       used 113990K, capacity 116683K, committed 117924K, reserved 1150976K
  class space    used 14200K, capacity 15251K, committed 15744K, reserved 1048576K
}
Event: 45.341 GC heap after
{Heap after GC invocations=60 (full 0):
 garbage-first heap   total 476160K, used 187993K [0x0000000080000000, 0x0000000100000000)
  region size 1024K, 14 young (14336K), 14 survivors (14336K)
 Metaspace       used 113990K, capacity 116683K, committed 117924K, reserved 1150976K
  class space    used 14200K, capacity 15251K, committed 15744K, reserved 1048576K
}
Event: 46.472 GC heap before
{Heap before GC invocations=60 (full 0):
 garbage-first heap   total 476160K, used 385625K [0x0000000080000000, 0x0000000100000000)
  region size 1024K, 207 young (211968K), 14 survivors (14336K)
 Metaspace       used 114005K, capacity 116748K, committed 117924K, reserved 1150976K
  class space    used 14200K, capacity 15251K, committed 15744K, reserved 1048576K
}
Event: 46.498 GC heap after
{Heap after GC invocations=61 (full 0):
 garbage-first heap   total 476160K, used 190041K [0x0000000080000000, 0x0000000100000000)
  region size 1024K, 16 young (16384K), 16 survivors (16384K)
 Metaspace       used 114005K, capacity 116748K, committed 117924K, reserved 1150976K
  class space    used 14200K, capacity 15251K, committed 15744K, reserved 1048576K
}
Event: 48.489 GC heap before
{Heap before GC invocations=61 (full 0):
 garbage-first heap   total 476160K, used 400985K [0x0000000080000000, 0x0000000100000000)
  region size 1024K, 222 young (227328K), 16 survivors (16384K)
 Metaspace       used 114032K, capacity 116851K, committed 117924K, reserved 1150976K
  class space    used 14202K, capacity 15285K, committed 15744K, reserved 1048576K
}
Event: 48.520 GC heap after
{Heap after GC invocations=62 (full 0):
 garbage-first heap   total 476160K, used 192359K [0x0000000080000000, 0x0000000100000000)
  region size 1024K, 12 young (12288K), 12 survivors (12288K)
 Metaspace       used 114032K, capacity 116851K, committed 117924K, reserved 1150976K
  class space    used 14202K, capacity 15285K, committed 15744K, reserved 1048576K
}
Event: 49.920 GC heap before
{Heap before GC invocations=62 (full 0):
 garbage-first heap   total 476160K, used 405351K [0x0000000080000000, 0x0000000100000000)
  region size 1024K, 220 young (225280K), 12 survivors (12288K)
 Metaspace       used 114161K, capacity 116941K, committed 117924K, reserved 1150976K
  class space    used 14224K, capacity 15293K, committed 15744K, reserved 1048576K
}
Event: 49.947 GC heap after
{Heap after GC invocations=63 (full 0):
 garbage-first heap   total 476160K, used 195943K [0x0000000080000000, 0x0000000100000000)
  region size 1024K, 15 young (15360K), 15 survivors (15360K)
 Metaspace       used 114161K, capacity 116941K, committed 117924K, reserved 1150976K
  class space    used 14224K, capacity 15293K, committed 15744K, reserved 1048576K
}
Event: 51.020 GC heap before
{Heap before GC invocations=63 (full 0):
 garbage-first heap   total 476160K, used 407911K [0x0000000080000000, 0x0000000100000000)
  region size 1024K, 222 young (227328K), 15 survivors (15360K)
 Metaspace       used 114313K, capacity 117096K, committed 118180K, reserved 1153024K
  class space    used 14242K, capacity 15302K, committed 15744K, reserved 1048576K
}
Event: 51.056 GC heap after
{Heap after GC invocations=64 (full 0):
 garbage-first heap   total 476160K, used 200039K [0x0000000080000000, 0x0000000100000000)
  region size 1024K, 19 young (19456K), 19 survivors (19456K)
 Metaspace       used 114313K, capacity 117096K, committed 118180K, reserved 1153024K
  class space    used 14242K, capacity 15302K, committed 15744K, reserved 1048576K
}
Event: 51.974 GC heap before
{Heap before GC invocations=64 (full 0):
 garbage-first heap   total 476160K, used 407911K [0x0000000080000000, 0x0000000100000000)
  region size 1024K, 222 young (227328K), 19 survivors (19456K)
 Metaspace       used 114329K, capacity 117137K, committed 118308K, reserved 1153024K
  class space    used 14244K, capacity 15336K, committed 15872K, reserved 1048576K
}
Event: 52.012 GC heap after
{Heap after GC invocations=65 (full 0):
 garbage-first heap   total 476160K, used 203045K [0x0000000080000000, 0x0000000100000000)
  region size 1024K, 17 young (17408K), 17 survivors (17408K)
 Metaspace       used 114329K, capacity 117137K, committed 118308K, reserved 1153024K
  class space    used 14244K, capacity 15336K, committed 15872K, reserved 1048576K
}
Event: 53.151 GC heap before
{Heap before GC invocations=65 (full 0):
 garbage-first heap   total 476160K, used 410917K [0x0000000080000000, 0x0000000100000000)
  region size 1024K, 219 young (224256K), 17 survivors (17408K)
 Metaspace       used 114734K, capacity 117686K, committed 118564K, reserved 1153024K
  class space    used 14296K, capacity 15421K, committed 15872K, reserved 1048576K
}
Event: 53.191 GC heap after
{Heap after GC invocations=66 (full 0):
 garbage-first heap   total 476160K, used 207689K [0x0000000080000000, 0x0000000100000000)
  region size 1024K, 18 young (18432K), 18 survivors (18432K)
 Metaspace       used 114734K, capacity 117686K, committed 118564K, reserved 1153024K
  class space    used 14296K, capacity 15421K, committed 15872K, reserved 1048576K
}
Event: 54.182 GC heap before
{Heap before GC invocations=66 (full 0):
 garbage-first heap   total 476160K, used 408393K [0x0000000080000000, 0x0000000100000000)
  region size 1024K, 214 young (219136K), 18 survivors (18432K)
 Metaspace       used 114872K, capacity 117835K, committed 118564K, reserved 1153024K
  class space    used 14297K, capacity 15422K, committed 15872K, reserved 1048576K
}

